<?xml version="1.0" encoding="UTF-8"?>
<!-- Generated by org.testng.reporters.JUnitReportReporter -->
<testsuite hostname="Mounika" failures="0" tests="3" name="packTests.TestInteractions" time="35.583" errors="0" timestamp="2024-01-23T16:40:25 IST" skipped="0">
  <testcase classname="packTests.TestInteractions" name="checkSortable" time="3.353"/>
  <testcase classname="packTests.TestInteractions" name="checkSelectable" time="0.321"/>
  <testcase classname="packTests.TestInteractions" name="checkDroppable" time="31.909"/>
</testsuite> <!-- packTests.TestInteractions -->
