<?xml version="1.0" encoding="UTF-8"?>
<!-- Generated by org.testng.reporters.JUnitReportReporter -->
<testsuite hostname="Mounika" failures="0" tests="3" name="packTests.TestWindows" time="0.815" errors="0" timestamp="2024-01-11T17:26:48 IST" skipped="0">
  <testcase classname="packTests.TestWindows" name="testNewTab" time="0.332"/>
  <testcase classname="packTests.TestWindows" name="testNewWindow" time="0.330"/>
  <testcase classname="packTests.TestWindows" name="testMessagedWindow" time="0.153"/>
</testsuite> <!-- packTests.TestWindows -->
