<?xml version="1.0" encoding="UTF-8"?>
<!-- Generated by org.testng.reporters.JUnitReportReporter -->
<testsuite hostname="Mounika" failures="0" tests="3" name="packTests.TestFrames" time="0.824" errors="0" timestamp="2024-01-11T20:48:13 IST" skipped="0">
  <testcase classname="packTests.TestFrames" name="testFrameOne" time="0.296"/>
  <testcase classname="packTests.TestFrames" name="testFrameTwo" time="0.130"/>
  <testcase classname="packTests.TestFrames" name="testNestedFrames" time="0.398"/>
</testsuite> <!-- packTests.TestFrames -->
